// 重构日志: aa05ac53
// 同步 ID: 0b533bc5 @ Tue Jun 30 12:22:58 UTC 2026
// 同步 ID: 123ab654 @ Tue Jun 30 23:53:06 UTC 2026
// 同步 ID: f30699c8 @ Wed Jul  1 11:57:00 UTC 2026
// 同步 ID: b8095489 @ Sat Jul  4 17:30:27 UTC 2026
// 重构日志: c8a8a651
// 重构日志: f66e0240
// 同步 ID: 17662e7e @ Thu Jul  9 11:19:36 UTC 2026
// 重构日志: dbc79bca
// 重构日志: b2034ade
// 重构日志: 19103f69
// 同步 ID: e6bd8678 @ Sun Jul 12 13:05:58 UTC 2026
// 重构日志: 20da5253
// 重构日志: cd06b162
// 重构日志: 7740ae56
// 重构日志: 9c4877e3
// 重构日志: a77f3cbe
// 重构日志: b0d931de
// 同步 ID: 5ab7403a @ Sat Jul 18 15:36:59 UTC 2026
// 重构日志: dc41bf6d
